<?xml version="1.0" encoding="UTF-8"?>
<coverage generated="1787208642">
  <project timestamp="1787208642" name="Clover Coverage">
    <package name="Modules\Xot\Actions\Arr">
      <file name="/var/www/_bases/base_ptvx_fila5/laravel/Modules/Xot/app/Actions/Arr/ArrayToRawJsAction.php">
        <class name="Modules\Xot\Actions\Arr\ArrayToRawJsAction" namespace="Modules\Xot\Actions\Arr">
          <metrics complexity="13" methods="3" coveredmethods="2" conditionals="0" coveredconditionals="0" statements="19" coveredstatements="18" elements="22" coveredelements="20"/>
        </class>
        <line num="29" type="method" name="execute" visibility="public" complexity="6" crap="6.03" count="3"/>
        <line num="31" type="stmt" count="3"/>
        <line num="32" type="stmt" count="3"/>
        <line num="33" type="stmt" count="1"/>
        <line num="34" type="stmt" count="1"/>
        <line num="35" type="stmt" count="1"/>
        <line num="36" type="stmt" count="1"/>
        <line num="37" type="stmt" count="1"/>
        <line num="38" type="stmt" count="1"/>
        <line num="39" type="stmt" count="1"/>
        <line num="41" type="stmt" count="0"/>
        <line num="45" type="stmt" count="3"/>
        <line num="49" type="method" name="jsKey" visibility="private" complexity="2" crap="2" count="1"/>
        <line num="51" type="stmt" count="1"/>
        <line num="55" type="method" name="jsValue" visibility="private" complexity="5" crap="5" count="1"/>
        <line num="57" type="stmt" count="1"/>
        <line num="58" type="stmt" count="1"/>
        <line num="60" type="stmt" count="1"/>
        <line num="61" type="stmt" count="1"/>
        <line num="63" type="stmt" count="1"/>
        <line num="64" type="stmt" count="1"/>
        <line num="67" type="stmt" count="1"/>
        <metrics loc="70" ncloc="56" classes="1" methods="3" coveredmethods="2" conditionals="0" coveredconditionals="0" statements="19" coveredstatements="18" elements="22" coveredelements="20"/>
      </file>
      <file name="/var/www/_bases/base_ptvx_fila5/laravel/Modules/Xot/app/Actions/Arr/DiffAssocRecursiveAction.php">
        <class name="Modules\Xot\Actions\Arr\DiffAssocRecursiveAction" namespace="Modules\Xot\Actions\Arr">
          <metrics complexity="13" methods="3" coveredmethods="3" conditionals="0" coveredconditionals="0" statements="31" coveredstatements="31" elements="34" coveredelements="34"/>
        </class>
        <line num="20" type="method" name="fixType" visibility="public" complexity="2" crap="2" count="7"/>
        <line num="22" type="stmt" count="7"/>
        <line num="23" type="stmt" count="5"/>
        <line num="24" type="stmt" count="1"/>
        <line num="27" type="stmt" count="4"/>
        <line num="28" type="stmt" count="7"/>
        <line num="35" type="method" name="normalizeArray" visibility="private" complexity="3" crap="3" count="4"/>
        <line num="37" type="stmt" count="4"/>
        <line num="38" type="stmt" count="4"/>
        <line num="39" type="stmt" count="2"/>
        <line num="42" type="stmt" count="4"/>
        <line num="43" type="stmt" count="4"/>
        <line num="46" type="stmt" count="4"/>
        <line num="47" type="stmt" count="4"/>
        <line num="55" type="method" name="execute" visibility="public" complexity="8" crap="8" count="5"/>
        <line num="57" type="stmt" count="5"/>
        <line num="58" type="stmt" count="5"/>
        <line num="60" type="stmt" count="5"/>
        <line num="62" type="stmt" count="5"/>
        <line num="64" type="stmt" count="3"/>
        <line num="65" type="stmt" count="3"/>
        <line num="66" type="stmt" count="3"/>
        <line num="67" type="stmt" count="3"/>
        <line num="70" type="stmt" count="1"/>
        <line num="71" type="stmt" count="1"/>
        <line num="72" type="stmt" count="1"/>
        <line num="73" type="stmt" count="1"/>
        <line num="74" type="stmt" count="1"/>
        <line num="76" type="stmt" count="1"/>
        <line num="77" type="stmt" count="1"/>
        <line num="80" type="stmt" count="1"/>
        <line num="83" type="stmt" count="2"/>
        <line num="84" type="stmt" count="1"/>
        <line num="88" type="stmt" count="5"/>
        <metrics loc="91" ncloc="74" classes="1" methods="3" coveredmethods="3" conditionals="0" coveredconditionals="0" statements="31" coveredstatements="31" elements="34" coveredelements="34"/>
      </file>
      <file name="/var/www/_bases/base_ptvx_fila5/laravel/Modules/Xot/app/Actions/Arr/RangeIntersectAction.php">
        <class name="Modules\Xot\Actions\Arr\RangeIntersectAction" namespace="Modules\Xot\Actions\Arr">
          <metrics complexity="2" methods="1" coveredmethods="1" conditionals="0" coveredconditionals="0" statements="5" coveredstatements="5" elements="6" coveredelements="6"/>
        </class>
        <line num="19" type="method" name="execute" visibility="public" complexity="2" crap="2" count="4"/>
        <line num="21" type="stmt" count="4"/>
        <line num="22" type="stmt" count="4"/>
        <line num="24" type="stmt" count="4"/>
        <line num="25" type="stmt" count="4"/>
        <line num="28" type="stmt" count="2"/>
        <metrics loc="31" ncloc="25" classes="1" methods="1" coveredmethods="1" conditionals="0" coveredconditionals="0" statements="5" coveredstatements="5" elements="6" coveredelements="6"/>
      </file>
      <file name="/var/www/_bases/base_ptvx_fila5/laravel/Modules/Xot/app/Actions/Arr/SaveArrayAction.php">
        <class name="Modules\Xot\Actions\Arr\SaveArrayAction" namespace="Modules\Xot\Actions\Arr">
          <metrics complexity="4" methods="1" coveredmethods="1" conditionals="0" coveredconditionals="0" statements="4" coveredstatements="4" elements="5" coveredelements="5"/>
        </class>
        <line num="16" type="method" name="execute" visibility="public" complexity="4" crap="4" count="7"/>
        <line num="18" type="stmt" count="7"/>
        <line num="19" type="stmt" count="3"/>
        <line num="20" type="stmt" count="5"/>
        <line num="21" type="stmt" count="5"/>
        <metrics loc="25" ncloc="22" classes="1" methods="1" coveredmethods="1" conditionals="0" coveredconditionals="0" statements="4" coveredstatements="4" elements="5" coveredelements="5"/>
      </file>
      <file name="/var/www/_bases/base_ptvx_fila5/laravel/Modules/Xot/app/Actions/Arr/SaveJsonArrayAction.php">
        <class name="Modules\Xot\Actions\Arr\SaveJsonArrayAction" namespace="Modules\Xot\Actions\Arr">
          <metrics complexity="1" methods="1" coveredmethods="1" conditionals="0" coveredconditionals="0" statements="2" coveredstatements="2" elements="3" coveredelements="3"/>
        </class>
        <line num="19" type="method" name="execute" visibility="public" complexity="1" crap="1" count="9"/>
        <line num="21" type="stmt" count="9"/>
        <line num="26" type="stmt" count="9"/>
        <metrics loc="29" ncloc="23" classes="1" methods="1" coveredmethods="1" conditionals="0" coveredconditionals="0" statements="2" coveredstatements="2" elements="3" coveredelements="3"/>
      </file>
      <file name="/var/www/_bases/base_ptvx_fila5/laravel/Modules/Xot/app/Actions/Arr/SavePhpArrayAction.php">
        <class name="Modules\Xot\Actions\Arr\SavePhpArrayAction" namespace="Modules\Xot\Actions\Arr">
          <metrics complexity="1" methods="1" coveredmethods="1" conditionals="0" coveredconditionals="0" statements="3" coveredstatements="3" elements="4" coveredelements="4"/>
        </class>
        <line num="19" type="method" name="execute" visibility="public" complexity="1" crap="1" count="9"/>
        <line num="21" type="stmt" count="9"/>
        <line num="23" type="stmt" count="9"/>
        <line num="25" type="stmt" count="9"/>
        <metrics loc="28" ncloc="24" classes="1" methods="1" coveredmethods="1" conditionals="0" coveredconditionals="0" statements="3" coveredstatements="3" elements="4" coveredelements="4"/>
      </file>
    </package>
    <package name="Modules\Xot\Actions">
      <file name="/var/www/_bases/base_ptvx_fila5/laravel/Modules/Xot/app/Actions/ArrayAction.php">
        <class name="Modules\Xot\Actions\ArrayAction" namespace="Modules\Xot\Actions">
          <metrics complexity="10" methods="3" coveredmethods="1" conditionals="0" coveredconditionals="0" statements="19" coveredstatements="1" elements="22" coveredelements="2"/>
        </class>
        <line num="22" type="method" name="rangeIntersect" visibility="public" complexity="2" crap="6" count="0"/>
        <line num="24" type="stmt" count="0"/>
        <line num="25" type="stmt" count="0"/>
        <line num="27" type="stmt" count="0"/>
        <line num="28" type="stmt" count="0"/>
        <line num="31" type="stmt" count="0"/>
        <line num="42" type="method" name="diff_assoc_recursive" visibility="public" complexity="7" crap="56" count="0"/>
        <line num="44" type="stmt" count="0"/>
        <line num="45" type="stmt" count="0"/>
        <line num="46" type="stmt" count="0"/>
        <line num="47" type="stmt" count="0"/>
        <line num="48" type="stmt" count="0"/>
        <line num="49" type="stmt" count="0"/>
        <line num="51" type="stmt" count="0"/>
        <line num="52" type="stmt" count="0"/>
        <line num="53" type="stmt" count="0"/>
        <line num="57" type="stmt" count="0"/>
        <line num="58" type="stmt" count="0"/>
        <line num="62" type="stmt" count="0"/>
        <line num="66" type="stmt" count="0"/>
        <line num="69" type="method" name="execute" visibility="public" complexity="1" crap="1" count="2"/>
        <line num="71" type="stmt" count="2"/>
        <metrics loc="73" ncloc="56" classes="1" methods="3" coveredmethods="1" conditionals="0" coveredconditionals="0" statements="19" coveredstatements="1" elements="22" coveredelements="2"/>
      </file>
      <file name="/var/www/_bases/base_ptvx_fila5/laravel/Modules/Xot/app/Actions/ArtisanAction.php">
        <class name="Modules\Xot\Actions\ArtisanAction" namespace="Modules\Xot\Actions">
          <metrics complexity="46" methods="8" coveredmethods="1" conditionals="0" coveredconditionals="0" statements="117" coveredstatements="35" elements="125" coveredelements="36"/>
        </class>
        <line num="24" type="stmt" count="1"/>
        <line num="25" type="stmt" count="0"/>
        <line num="38" type="method" name="act" visibility="public" complexity="25" crap="103.12" count="8"/>
        <line num="40" type="stmt" count="8"/>
        <line num="41" type="stmt" count="8"/>
        <line num="42" type="stmt" count="2"/>
        <line num="45" type="stmt" count="8"/>
        <line num="46" type="stmt" count="6"/>
        <line num="47" type="stmt" count="6"/>
        <line num="48" type="stmt" count="6"/>
        <line num="49" type="stmt" count="6"/>
        <line num="50" type="stmt" count="6"/>
        <line num="51" type="stmt" count="2"/>
        <line num="53" type="stmt" count="2"/>
        <line num="56" type="stmt" count="4"/>
        <line num="58" type="stmt" count="2"/>
        <line num="59" type="stmt" count="0"/>
        <line num="60" type="stmt" count="2"/>
        <line num="61" type="stmt" count="0"/>
        <line num="62" type="stmt" count="2"/>
        <line num="63" type="stmt" count="0"/>
        <line num="64" type="stmt" count="2"/>
        <line num="65" type="stmt" count="0"/>
        <line num="66" type="stmt" count="2"/>
        <line num="67" type="stmt" count="0"/>
        <line num="68" type="stmt" count="0"/>
        <line num="69" type="stmt" count="0"/>
        <line num="70" type="stmt" count="0"/>
        <line num="71" type="stmt" count="0"/>
        <line num="72" type="stmt" count="0"/>
        <line num="73" type="stmt" count="0"/>
        <line num="74" type="stmt" count="0"/>
        <line num="75" type="stmt" count="0"/>
        <line num="77" type="stmt" count="0"/>
        <line num="78" type="stmt" count="0"/>
        <line num="79" type="stmt" count="0"/>
        <line num="80" type="stmt" count="0"/>
        <line num="81" type="stmt" count="0"/>
        <line num="82" type="stmt" count="2"/>
        <line num="83" type="stmt" count="0"/>
        <line num="84" type="stmt" count="2"/>
        <line num="85" type="stmt" count="0"/>
        <line num="86" type="stmt" count="2"/>
        <line num="87" type="stmt" count="0"/>
        <line num="88" type="stmt" count="2"/>
        <line num="89" type="stmt" count="0"/>
        <line num="90" type="stmt" count="2"/>
        <line num="91" type="stmt" count="0"/>
        <line num="92" type="stmt" count="2"/>
        <line num="93" type="stmt" count="0"/>
        <line num="94" type="stmt" count="0"/>
        <line num="95" type="stmt" count="2"/>
        <line num="96" type="stmt" count="0"/>
        <line num="97" type="stmt" count="2"/>
        <line num="98" type="stmt" count="0"/>
        <line num="99" type="stmt" count="2"/>
        <line num="100" type="stmt" count="0"/>
        <line num="101" type="stmt" count="2"/>
        <line num="102" type="stmt" count="2"/>
        <line num="103" type="stmt" count="0"/>
        <line num="104" type="stmt" count="2"/>
        <line num="105" type="stmt" count="0"/>
        <line num="106" type="stmt" count="2"/>
        <line num="108" type="stmt" count="2"/>
        <line num="111" type="stmt" count="0"/>
        <line num="114" type="method" name="errorShow" visibility="public" complexity="5" crap="30" count="0"/>
        <line num="119" type="stmt" count="0"/>
        <line num="120" type="stmt" count="0"/>
        <line num="121" type="stmt" count="0"/>
        <line num="122" type="stmt" count="0"/>
        <line num="123" type="stmt" count="0"/>
        <line num="125" type="stmt" count="0"/>
        <line num="126" type="stmt" count="0"/>
        <line num="127" type="stmt" count="0"/>
        <line num="130" type="stmt" count="0"/>
        <line num="133" type="stmt" count="0"/>
        <line num="134" type="stmt" count="0"/>
        <line num="137" type="stmt" count="0"/>
        <line num="138" type="stmt" count="0"/>
        <line num="139" type="stmt" count="0"/>
        <line num="140" type="stmt" count="0"/>
        <line num="143" type="stmt" count="0"/>
        <line num="144" type="stmt" count="0"/>
        <line num="145" type="stmt" count="0"/>
        <line num="146" type="stmt" count="0"/>
        <line num="147" type="stmt" count="0"/>
        <line num="148" type="stmt" count="0"/>
        <line num="149" type="stmt" count="0"/>
        <line num="151" type="stmt" count="0"/>
        <line num="154" type="method" name="showRouteList" visibility="public" complexity="1" crap="2" count="0"/>
        <line num="156" type="stmt" count="0"/>
        <line num="160" type="stmt" count="0"/>
        <line num="161" type="stmt" count="0"/>
        <line num="162" type="stmt" count="0"/>
        <line num="163" type="stmt" count="0"/>
        <line num="164" type="stmt" count="0"/>
        <line num="165" type="stmt" count="0"/>
        <line num="167" type="stmt" count="0"/>
        <line num="169" type="stmt" count="0"/>
        <line num="171" type="stmt" count="0"/>
        <line num="174" type="method" name="errorClear" visibility="public" complexity="4" crap="20" count="0"/>
        <line num="176" type="stmt" count="0"/>
        <line num="178" type="stmt" count="0"/>
        <line num="179" type="stmt" count="0"/>
        <line num="180" type="stmt" count="0"/>
        <line num="182" type="stmt" count="0"/>
        <line num="186" type="stmt" count="0"/>
        <line num="189" type="method" name="sessionClear" visibility="public" complexity="4" crap="20" count="0"/>
        <line num="191" type="stmt" count="0"/>
        <line num="193" type="stmt" count="0"/>
        <line num="194" type="stmt" count="0"/>
        <line num="195" type="stmt" count="0"/>
        <line num="199" type="stmt" count="0"/>
        <line num="202" type="method" name="debugbarClear" visibility="public" complexity="4" crap="20" count="0"/>
        <line num="204" type="stmt" count="0"/>
        <line num="205" type="stmt" count="0"/>
        <line num="206" type="stmt" count="0"/>
        <line num="207" type="stmt" count="0"/>
        <line num="211" type="stmt" count="0"/>
        <line num="217" type="method" name="exe" visibility="public" complexity="2" crap="2.26" count="6"/>
        <line num="220" type="stmt" count="6"/>
        <line num="222" type="stmt" count="6"/>
        <line num="224" type="stmt" count="6"/>
        <line num="225" type="stmt" count="0"/>
        <line num="226" type="stmt" count="0"/>
        <line num="230" type="method" name="execute" visibility="public" complexity="1" crap="1" count="2"/>
        <line num="232" type="stmt" count="2"/>
        <metrics loc="234" ncloc="217" classes="1" methods="8" coveredmethods="1" conditionals="0" coveredconditionals="0" statements="119" coveredstatements="36" elements="127" coveredelements="37"/>
      </file>
      <file name="/var/www/_bases/base_ptvx_fila5/laravel/Modules/Xot/app/Actions/ConfigAction.php">
        <class name="Modules\Xot\Actions\ConfigAction" namespace="Modules\Xot\Actions">
          <metrics complexity="4" methods="3" coveredmethods="0" conditionals="0" coveredconditionals="0" statements="5" coveredstatements="0" elements="8" coveredelements="0"/>
        </class>
        <line num="14" type="method" name="__construct" visibility="public" complexity="1" crap="2" count="0"/>
        <line num="16" type="stmt" count="0"/>
        <line num="18" type="method" name="getInstance" visibility="public" complexity="2" crap="6" count="0"/>
        <line num="20" type="stmt" count="0"/>
        <line num="21" type="stmt" count="0"/>
        <line num="24" type="stmt" count="0"/>
        <line num="27" type="method" name="make" visibility="public" complexity="1" crap="2" count="0"/>
        <line num="29" type="stmt" count="0"/>
        <metrics loc="32" ncloc="29" classes="1" methods="3" coveredmethods="0" conditionals="0" coveredconditionals="0" statements="5" coveredstatements="0" elements="8" coveredelements="0"/>
      </file>
      <file name="/var/www/_bases/base_ptvx_fila5/laravel/Modules/Xot/app/Actions/ExecuteArtisanCommandAction.php">
        <class name="Modules\Xot\Actions\ExecuteArtisanCommandAction" namespace="Modules\Xot\Actions">
          <metrics complexity="12" methods="2" coveredmethods="1" conditionals="0" coveredconditionals="0" statements="49" coveredstatements="32" elements="51" coveredelements="33"/>
        </class>
        <line num="53" type="method" name="execute" visibility="public" complexity="11" crap="16.73" count="4"/>
        <line num="55" type="stmt" count="4"/>
        <line num="57" type="stmt" count="2"/>
        <line num="58" type="stmt" count="0"/>
        <line num="62" type="stmt" count="2"/>
        <line num="63" type="stmt" count="2"/>
        <line num="65" type="stmt" count="2"/>
        <line num="68" type="stmt" count="2"/>
        <line num="69" type="stmt" count="2"/>
        <line num="70" type="stmt" count="2"/>
        <line num="71" type="stmt" count="2"/>
        <line num="74" type="stmt" count="2"/>
        <line num="75" type="stmt" count="0"/>
        <line num="76" type="stmt" count="0"/>
        <line num="77" type="stmt" count="0"/>
        <line num="78" type="stmt" count="0"/>
        <line num="79" type="stmt" count="0"/>
        <line num="80" type="stmt" count="0"/>
        <line num="84" type="stmt" count="0"/>
        <line num="85" type="stmt" count="0"/>
        <line num="86" type="stmt" count="0"/>
        <line num="87" type="stmt" count="0"/>
        <line num="88" type="stmt" count="0"/>
        <line num="89" type="stmt" count="0"/>
        <line num="93" type="stmt" count="0"/>
        <line num="96" type="stmt" count="2"/>
        <line num="99" type="stmt" count="2"/>
        <line num="100" type="stmt" count="2"/>
        <line num="101" type="stmt" count="1"/>
        <line num="102" type="stmt" count="1"/>
        <line num="105" type="stmt" count="2"/>
        <line num="106" type="stmt" count="2"/>
        <line num="107" type="stmt" count="1"/>
        <line num="108" type="stmt" count="1"/>
        <line num="111" type="stmt" count="2"/>
        <line num="112" type="stmt" count="1"/>
        <line num="113" type="stmt" count="1"/>
        <line num="115" type="stmt" count="1"/>
        <line num="116" type="stmt" count="1"/>
        <line num="119" type="stmt" count="2"/>
        <line num="120" type="stmt" count="2"/>
        <line num="121" type="stmt" count="2"/>
        <line num="122" type="stmt" count="2"/>
        <line num="123" type="stmt" count="2"/>
        <line num="124" type="stmt" count="2"/>
        <line num="125" type="stmt" count="0"/>
        <line num="126" type="stmt" count="0"/>
        <line num="127" type="stmt" count="0"/>
        <line num="138" type="method" name="isCommandAllowed" visibility="private" complexity="1" crap="1" count="2"/>
        <line num="140" type="stmt" count="2"/>
        <line num="142" type="stmt" count="2"/>
        <metrics loc="145" ncloc="112" classes="1" methods="2" coveredmethods="1" conditionals="0" coveredconditionals="0" statements="49" coveredstatements="32" elements="51" coveredelements="33"/>
      </file>
      <file name="/var/www/_bases/base_ptvx_fila5/laravel/Modules/Xot/app/Actions/GeneratePdfAction.php">
        <class name="Modules\Xot\Actions\GeneratePdfAction" namespace="Modules\Xot\Actions">
          <metrics complexity="6" methods="2" coveredmethods="0" conditionals="0" coveredconditionals="0" statements="12" coveredstatements="5" elements="14" coveredelements="5"/>
        </class>
        <line num="15" type="method" name="execute" visibility="public" complexity="5" crap="8.12" count="2"/>
        <line num="21" type="stmt" count="2"/>
        <line num="22" type="stmt" count="2"/>
        <line num="25" type="stmt" count="2"/>
        <line num="27" type="stmt" count="2"/>
        <line num="28" type="stmt" count="0"/>
        <line num="29" type="stmt" count="0"/>
        <line num="30" type="stmt" count="2"/>
        <line num="32" type="stmt" count="0"/>
        <line num="33" type="stmt" count="0"/>
        <line num="34" type="stmt" count="0"/>
        <line num="38" type="method" name="saveToFile" visibility="private" complexity="1" crap="2" count="0"/>
        <line num="40" type="stmt" count="0"/>
        <line num="42" type="stmt" count="0"/>
        <metrics loc="45" ncloc="45" classes="1" methods="2" coveredmethods="0" conditionals="0" coveredconditionals="0" statements="12" coveredstatements="5" elements="14" coveredelements="5"/>
      </file>
      <file name="/var/www/_bases/base_ptvx_fila5/laravel/Modules/Xot/app/Actions/GetModelByModelTypeAction.php">
        <class name="Modules\Xot\Actions\GetModelByModelTypeAction" namespace="Modules\Xot\Actions">
          <metrics complexity="3" methods="1" coveredmethods="1" conditionals="0" coveredconditionals="0" statements="10" coveredstatements="10" elements="11" coveredelements="11"/>
        </class>
        <line num="22" type="method" name="execute" visibility="public" complexity="3" crap="3" count="5"/>
        <line num="24" type="stmt" count="5"/>
        <line num="25" type="stmt" count="3"/>
        <line num="26" type="stmt" count="3"/>
        <line num="27" type="stmt" count="3"/>
        <line num="30" type="stmt" count="3"/>
        <line num="31" type="stmt" count="2"/>
        <line num="32" type="stmt" count="1"/>
        <line num="34" type="stmt" count="3"/>
        <line num="35" type="stmt" count="1"/>
        <line num="38" type="stmt" count="2"/>
        <metrics loc="41" ncloc="34" classes="1" methods="1" coveredmethods="1" conditionals="0" coveredconditionals="0" statements="10" coveredstatements="10" elements="11" coveredelements="11"/>
      </file>
      <file name="/var/www/_bases/base_ptvx_fila5/laravel/Modules/Xot/app/Actions/GetModelClassByModelTypeAction.php">
        <class name="Modules\Xot\Actions\GetModelClassByModelTypeAction" namespace="Modules\Xot\Actions">
          <metrics complexity="2" methods="1" coveredmethods="1" conditionals="0" coveredconditionals="0" statements="5" coveredstatements="5" elements="6" coveredelements="6"/>
        </class>
        <line num="21" type="method" name="execute" visibility="public" complexity="2" crap="2" count="8"/>
        <line num="23" type="stmt" count="8"/>
        <line num="24" type="stmt" count="8"/>
        <line num="25" type="stmt" count="1"/>
        <line num="28" type="stmt" count="7"/>
        <line num="30" type="stmt" count="4"/>
        <metrics loc="33" ncloc="27" classes="1" methods="1" coveredmethods="1" conditionals="0" coveredconditionals="0" statements="5" coveredstatements="5" elements="6" coveredelements="6"/>
      </file>
      <file name="/var/www/_bases/base_ptvx_fila5/laravel/Modules/Xot/app/Actions/GetModelTypeByModelAction.php">
        <class name="Modules\Xot\Actions\GetModelTypeByModelAction" namespace="Modules\Xot\Actions">
          <metrics complexity="1" methods="1" coveredmethods="1" conditionals="0" coveredconditionals="0" statements="1" coveredstatements="1" elements="2" coveredelements="2"/>
        </class>
        <line num="22" type="method" name="execute" visibility="public" complexity="1" crap="1" count="1"/>
        <line num="24" type="stmt" count="1"/>
        <metrics loc="27" ncloc="21" classes="1" methods="1" coveredmethods="1" conditionals="0" coveredconditionals="0" statements="1" coveredstatements="1" elements="2" coveredelements="2"/>
      </file>
      <file name="/var/www/_bases/base_ptvx_fila5/laravel/Modules/Xot/app/Actions/GetTransKeyAction.php">
        <class name="Modules\Xot\Actions\GetTransKeyAction" namespace="Modules\Xot\Actions">
          <metrics complexity="12" methods="1" coveredmethods="0" conditionals="0" coveredconditionals="0" statements="48" coveredstatements="44" elements="49" coveredelements="44"/>
        </class>
        <line num="20" type="method" name="execute" visibility="public" complexity="12" crap="12.08" count="25"/>
        <line num="23" type="stmt" count="25"/>
        <line num="25" type="stmt" count="2"/>
        <line num="26" type="stmt" count="2"/>
        <line num="27" type="stmt" count="2"/>
        <line num="30" type="stmt" count="25"/>
        <line num="33" type="stmt" count="25"/>
        <line num="34" type="stmt" count="2"/>
        <line num="35" type="stmt" count="2"/>
        <line num="36" type="stmt" count="2"/>
        <line num="37" type="stmt" count="2"/>
        <line num="38" type="stmt" count="2"/>
        <line num="40" type="stmt" count="2"/>
        <line num="41" type="stmt" count="2"/>
        <line num="42" type="stmt" count="2"/>
        <line num="43" type="stmt" count="2"/>
        <line num="44" type="stmt" count="2"/>
        <line num="45" type="stmt" count="2"/>
        <line num="46" type="stmt" count="2"/>
        <line num="47" type="stmt" count="2"/>
        <line num="48" type="stmt" count="2"/>
        <line num="50" type="stmt" count="2"/>
        <line num="53" type="stmt" count="0"/>
        <line num="54" type="stmt" count="0"/>
        <line num="57" type="stmt" count="25"/>
        <line num="58" type="stmt" count="25"/>
        <line num="59" type="stmt" count="25"/>
        <line num="61" type="stmt" count="25"/>
        <line num="62" type="stmt" count="25"/>
        <line num="65" type="stmt" count="25"/>
        <line num="66" type="stmt" count="3"/>
        <line num="67" type="stmt" count="3"/>
        <line num="68" type="stmt" count="1"/>
        <line num="72" type="stmt" count="25"/>
        <line num="73" type="stmt" count="25"/>
        <line num="74" type="stmt" count="25"/>
        <line num="75" type="stmt" count="25"/>
        <line num="76" type="stmt" count="25"/>
        <line num="77" type="stmt" count="2"/>
        <line num="79" type="stmt" count="25"/>
        <line num="80" type="stmt" count="0"/>
        <line num="83" type="stmt" count="25"/>
        <line num="84" type="stmt" count="0"/>
        <line num="88" type="stmt" count="25"/>
        <line num="89" type="stmt" count="2"/>
        <line num="90" type="stmt" count="2"/>
        <line num="91" type="stmt" count="2"/>
        <line num="92" type="stmt" count="2"/>
        <line num="95" type="stmt" count="25"/>
        <metrics loc="98" ncloc="90" classes="1" methods="1" coveredmethods="0" conditionals="0" coveredconditionals="0" statements="48" coveredstatements="44" elements="49" coveredelements="44"/>
      </file>
      <file name="/var/www/_bases/base_ptvx_fila5/laravel/Modules/Xot/app/Actions/GetViewAction.php">
        <class name="Modules\Xot\Actions\GetViewAction" namespace="Modules\Xot\Actions">
          <metrics complexity="9" methods="1" coveredmethods="0" conditionals="0" coveredconditionals="0" statements="31" coveredstatements="9" elements="32" coveredelements="9"/>
        </class>
        <line num="23" type="method" name="execute" visibility="public" complexity="9" crap="37.95" count="2"/>
        <line num="25" type="stmt" count="2"/>
        <line num="26" type="stmt" count="2"/>
        <line num="27" type="stmt" count="2"/>
        <line num="30" type="stmt" count="2"/>
        <line num="31" type="stmt" count="2"/>
        <line num="32" type="stmt" count="2"/>
        <line num="33" type="stmt" count="2"/>
        <line num="34" type="stmt" count="2"/>
        <line num="37" type="stmt" count="2"/>
        <line num="39" type="stmt" count="0"/>
        <line num="41" type="stmt" count="0"/>
        <line num="42" type="stmt" count="0"/>
        <line num="43" type="stmt" count="0"/>
        <line num="45" type="stmt" count="0"/>
        <line num="46" type="stmt" count="0"/>
        <line num="47" type="stmt" count="0"/>
        <line num="49" type="stmt" count="0"/>
        <line num="52" type="stmt" count="0"/>
        <line num="53" type="stmt" count="0"/>
        <line num="56" type="stmt" count="0"/>
        <line num="57" type="stmt" count="0"/>
        <line num="60" type="stmt" count="0"/>
        <line num="62" type="stmt" count="0"/>
        <line num="63" type="stmt" count="0"/>
        <line num="67" type="stmt" count="0"/>
        <line num="68" type="stmt" count="0"/>
        <line num="69" type="stmt" count="0"/>
        <line num="70" type="stmt" count="0"/>
        <line num="75" type="stmt" count="0"/>
        <line num="76" type="stmt" count="0"/>
        <line num="79" type="stmt" count="0"/>
        <metrics loc="82" ncloc="67" classes="1" methods="1" coveredmethods="0" conditionals="0" coveredconditionals="0" statements="31" coveredstatements="9" elements="32" coveredelements="9"/>
      </file>
      <file name="/var/www/_bases/base_ptvx_fila5/laravel/Modules/Xot/app/Actions/GetViewByClassAction.php">
        <class name="Modules\Xot\Actions\GetViewByClassAction" namespace="Modules\Xot\Actions">
          <metrics complexity="4" methods="3" coveredmethods="2" conditionals="0" coveredconditionals="0" statements="12" coveredstatements="5" elements="15" coveredelements="7"/>
        </class>
        <line num="26" type="method" name="execute" visibility="public" complexity="1" crap="1" count="3"/>
        <line num="28" type="stmt" count="3"/>
        <line num="31" type="stmt" count="3"/>
        <line num="41" type="method" name="executeOld" visibility="public" complexity="2" crap="6" count="0"/>
        <line num="44" type="stmt" count="0"/>
        <line num="47" type="stmt" count="0"/>
        <line num="48" type="stmt" count="0"/>
        <line num="51" type="stmt" count="0"/>
        <line num="52" type="stmt" count="0"/>
        <line num="55" type="stmt" count="0"/>
        <line num="58" type="stmt" count="0"/>
        <line num="66" type="method" name="getViewNameFromClass" visibility="protected" complexity="1" crap="1" count="3"/>
        <line num="68" type="stmt" count="3"/>
        <line num="69" type="stmt" count="3"/>
        <line num="71" type="stmt" count="3"/>
        <metrics loc="74" ncloc="47" classes="1" methods="3" coveredmethods="2" conditionals="0" coveredconditionals="0" statements="12" coveredstatements="5" elements="15" coveredelements="7"/>
      </file>
      <file name="/var/www/_bases/base_ptvx_fila5/laravel/Modules/Xot/app/Actions/HtmlAction.php">
        <class name="Modules\Xot\Actions\HtmlAction" namespace="Modules\Xot\Actions">
          <metrics complexity="6" methods="1" coveredmethods="0" conditionals="0" coveredconditionals="0" statements="19" coveredstatements="0" elements="20" coveredelements="0"/>
        </class>
        <line num="20" type="method" name="toPdf" visibility="public" complexity="6" crap="42" count="0"/>
        <line num="26" type="stmt" count="0"/>
        <line num="27" type="stmt" count="0"/>
        <line num="30" type="stmt" count="0"/>
        <line num="31" type="stmt" count="0"/>
        <line num="35" type="stmt" count="0"/>
        <line num="36" type="stmt" count="0"/>
        <line num="37" type="stmt" count="0"/>
        <line num="38" type="stmt" count="0"/>
        <line num="39" type="stmt" count="0"/>
        <line num="42" type="stmt" count="0"/>
        <line num="43" type="stmt" count="0"/>
        <line num="45" type="stmt" count="0"/>
        <line num="48" type="stmt" count="0"/>
        <line num="49" type="stmt" count="0"/>
        <line num="50" type="stmt" count="0"/>
        <line num="52" type="stmt" count="0"/>
        <line num="53" type="stmt" count="0"/>
        <line num="54" type="stmt" count="0"/>
        <line num="57" type="stmt" count="0"/>
        <metrics loc="60" ncloc="57" classes="1" methods="1" coveredmethods="0" conditionals="0" coveredconditionals="0" statements="19" coveredstatements="0" elements="20" coveredelements="0"/>
      </file>
      <file name="/var/www/_bases/base_ptvx_fila5/laravel/Modules/Xot/app/Actions/ModuleAction.php">
        <class name="Modules\Xot\Actions\ModuleAction" namespace="Modules\Xot\Actions">
          <metrics complexity="12" methods="6" coveredmethods="2" conditionals="0" coveredconditionals="0" statements="31" coveredstatements="5" elements="37" coveredelements="7"/>
        </class>
        <line num="23" type="method" name="__construct" visibility="public" complexity="1" crap="1" count="3"/>
        <line num="25" type="stmt" count="3"/>
        <line num="28" type="method" name="getInstance" visibility="public" complexity="2" crap="6" count="0"/>
        <line num="30" type="stmt" count="0"/>
        <line num="31" type="stmt" count="0"/>
        <line num="34" type="stmt" count="0"/>
        <line num="37" type="method" name="make" visibility="public" complexity="1" crap="2" count="0"/>
        <line num="39" type="stmt" count="0"/>
        <line num="42" type="method" name="setName" visibility="public" complexity="1" crap="2" count="0"/>
        <line num="44" type="stmt" count="0"/>
        <line num="46" type="stmt" count="0"/>
        <line num="52" type="method" name="getModels" visibility="public" complexity="6" crap="29.67" count="2"/>
        <line num="54" type="stmt" count="2"/>
        <line num="55" type="stmt" count="2"/>
        <line num="56" type="stmt" count="2"/>
        <line num="59" type="stmt" count="0"/>
        <line num="60" type="stmt" count="0"/>
        <line num="62" type="stmt" count="0"/>
        <line num="63" type="stmt" count="0"/>
        <line num="64" type="stmt" count="0"/>
        <line num="65" type="stmt" count="0"/>
        <line num="66" type="stmt" count="0"/>
        <line num="67" type="stmt" count="0"/>
        <line num="68" type="stmt" count="0"/>
        <line num="69" type="stmt" count="0"/>
        <line num="71" type="stmt" count="0"/>
        <line num="76" type="stmt" count="0"/>
        <line num="77" type="stmt" count="0"/>
        <line num="78" type="stmt" count="0"/>
        <line num="79" type="stmt" count="0"/>
        <line num="82" type="stmt" count="0"/>
        <line num="83" type="stmt" count="0"/>
        <line num="84" type="stmt" count="0"/>
        <line num="86" type="stmt" count="0"/>
        <line num="92" type="stmt" count="0"/>
        <line num="95" type="method" name="execute" visibility="public" complexity="1" crap="1" count="2"/>
        <metrics loc="97" ncloc="87" classes="1" methods="6" coveredmethods="2" conditionals="0" coveredconditionals="0" statements="31" coveredstatements="5" elements="37" coveredelements="7"/>
      </file>
      <file name="/var/www/_bases/base_ptvx_fila5/laravel/Modules/Xot/app/Actions/PaDesignColorsAction.php">
        <class name="Modules\Xot\Actions\PaDesignColorsAction" namespace="Modules\Xot\Actions">
          <metrics complexity="2" methods="2" coveredmethods="2" conditionals="0" coveredconditionals="0" statements="17" coveredstatements="17" elements="19" coveredelements="19"/>
        </class>
        <line num="29" type="method" name="execute" visibility="public" complexity="1" crap="1" count="2"/>
        <line num="31" type="stmt" count="2"/>
        <line num="32" type="stmt" count="2"/>
        <line num="33" type="stmt" count="2"/>
        <line num="34" type="stmt" count="2"/>
        <line num="35" type="stmt" count="2"/>
        <line num="36" type="stmt" count="2"/>
        <line num="37" type="stmt" count="2"/>
        <line num="38" type="stmt" count="2"/>
        <line num="39" type="stmt" count="2"/>
        <line num="47" type="method" name="filamentPalette" visibility="public" complexity="1" crap="1" count="249"/>
        <line num="49" type="stmt" count="249"/>
        <line num="50" type="stmt" count="249"/>
        <line num="51" type="stmt" count="249"/>
        <line num="52" type="stmt" count="249"/>
        <line num="53" type="stmt" count="249"/>
        <line num="54" type="stmt" count="249"/>
        <line num="55" type="stmt" count="249"/>
        <line num="56" type="stmt" count="249"/>
        <metrics loc="59" ncloc="43" classes="1" methods="2" coveredmethods="2" conditionals="0" coveredconditionals="0" statements="17" coveredstatements="17" elements="19" coveredelements="19"/>
      </file>
      <file name="/var/www/_bases/base_ptvx_fila5/laravel/Modules/Xot/app/Actions/ParsePrintPageStringAction.php">
        <class name="Modules\Xot\Actions\ParsePrintPageStringAction" namespace="Modules\Xot\Actions">
          <metrics complexity="5" methods="2" coveredmethods="2" conditionals="0" coveredconditionals="0" statements="19" coveredstatements="19" elements="21" coveredelements="21"/>
        </class>
        <line num="30" type="method" name="execute" visibility="public" complexity="4" crap="4" count="4"/>
        <line num="32" type="stmt" count="4"/>
        <line num="33" type="stmt" count="4"/>
        <line num="34" type="stmt" count="4"/>
        <line num="39" type="stmt" count="4"/>
        <line num="40" type="stmt" count="3"/>
        <line num="44" type="stmt" count="1"/>
        <line num="45" type="stmt" count="1"/>
        <line num="46" type="stmt" count="1"/>
        <line num="48" type="stmt" count="1"/>
        <line num="49" type="stmt" count="1"/>
        <line num="50" type="stmt" count="1"/>
        <line num="52" type="stmt" count="1"/>
        <line num="53" type="stmt" count="1"/>
        <line num="55" type="stmt" count="1"/>
        <line num="56" type="stmt" count="1"/>
        <line num="58" type="stmt" count="1"/>
        <line num="62" type="stmt" count="1"/>
        <line num="73" type="method" name="fromTo" visibility="public" complexity="1" crap="1" count="3"/>
        <line num="75" type="stmt" count="3"/>
        <line num="77" type="stmt" count="2"/>
        <metrics loc="80" ncloc="56" classes="1" methods="2" coveredmethods="2" conditionals="0" coveredconditionals="0" statements="19" coveredstatements="19" elements="21" coveredelements="21"/>
      </file>
      <file name="/var/www/_bases/base_ptvx_fila5/laravel/Modules/Xot/app/Actions/RouteDynAction.php">
        <class name="Modules\Xot\Actions\RouteDynAction" namespace="Modules\Xot\Actions">
          <metrics complexity="46" methods="20" coveredmethods="1" conditionals="0" coveredconditionals="0" statements="141" coveredstatements="1" elements="161" coveredelements="2"/>
        </class>
        <line num="28" type="method" name="requireStringValue" visibility="private" complexity="1" crap="2" count="0"/>
        <line num="30" type="stmt" count="0"/>
        <line num="31" type="stmt" count="0"/>
        <line num="33" type="stmt" count="0"/>
        <line num="41" type="method" name="getGroupOpts" visibility="public" complexity="1" crap="2" count="0"/>
        <line num="43" type="stmt" count="0"/>
        <line num="44" type="stmt" count="0"/>
        <line num="45" type="stmt" count="0"/>
        <line num="46" type="stmt" count="0"/>
        <line num="47" type="stmt" count="0"/>
        <line num="53" type="method" name="getPrefix" visibility="public" complexity="3" crap="12" count="0"/>
        <line num="55" type="stmt" count="0"/>
        <line num="56" type="stmt" count="0"/>
        <line num="59" type="stmt" count="0"/>
        <line num="60" type="stmt" count="0"/>
        <line num="61" type="stmt" count="0"/>
        <line num="62" type="stmt" count="0"/>
        <line num="63" type="stmt" count="0"/>
        <line num="66" type="stmt" count="0"/>
        <line num="72" type="method" name="getAs" visibility="public" complexity="4" crap="20" count="0"/>
        <line num="74" type="stmt" count="0"/>
        <line num="75" type="stmt" count="0"/>
        <line num="78" type="stmt" count="0"/>
        <line num="79" type="stmt" count="0"/>
        <line num="80" type="stmt" count="0"/>
        <line num="82" type="stmt" count="0"/>
        <line num="83" type="stmt" count="0"/>
        <line num="84" type="stmt" count="0"/>
        <line num="85" type="stmt" count="0"/>
        <line num="87" type="stmt" count="0"/>
        <line num="90" type="stmt" count="0"/>
        <line num="96" type="method" name="getNamespace" visibility="public" complexity="3" crap="12" count="0"/>
        <line num="98" type="stmt" count="0"/>
        <line num="99" type="stmt" count="0"/>
        <line num="102" type="stmt" count="0"/>
        <line num="103" type="stmt" count="0"/>
        <line num="104" type="stmt" count="0"/>
        <line num="105" type="stmt" count="0"/>
        <line num="108" type="stmt" count="0"/>
        <line num="114" type="method" name="getAct" visibility="public" complexity="3" crap="12" count="0"/>
        <line num="116" type="stmt" count="0"/>
        <line num="117" type="stmt" count="0"/>
        <line num="119" type="stmt" count="0"/>
        <line num="122" type="stmt" count="0"/>
        <line num="123" type="stmt" count="0"/>
        <line num="125" type="stmt" count="0"/>
        <line num="127" type="stmt" count="0"/>
        <line num="128" type="stmt" count="0"/>
        <line num="129" type="stmt" count="0"/>
        <line num="131" type="stmt" count="0"/>
        <line num="132" type="stmt" count="0"/>
        <line num="134" type="stmt" count="0"/>
        <line num="140" type="method" name="getParamName" visibility="public" complexity="2" crap="6" count="0"/>
        <line num="142" type="stmt" count="0"/>
        <line num="143" type="stmt" count="0"/>
        <line num="146" type="stmt" count="0"/>
        <line num="147" type="stmt" count="0"/>
        <line num="148" type="stmt" count="0"/>
        <line num="150" type="stmt" count="0"/>
        <line num="158" type="method" name="getParamsName" visibility="public" complexity="1" crap="2" count="0"/>
        <line num="160" type="stmt" count="0"/>
        <line num="162" type="stmt" count="0"/>
        <line num="170" type="method" name="getResourceOpts" visibility="public" complexity="4" crap="20" count="0"/>
        <line num="172" type="stmt" count="0"/>
        <line num="173" type="stmt" count="0"/>
        <line num="174" type="stmt" count="0"/>
        <line num="176" type="stmt" count="0"/>
        <line num="177" type="stmt" count="0"/>
        <line num="178" type="stmt" count="0"/>
        <line num="179" type="stmt" count="0"/>
        <line num="181" type="stmt" count="0"/>
        <line num="182" type="stmt" count="0"/>
        <line num="185" type="stmt" count="0"/>
        <line num="186" type="stmt" count="0"/>
        <line num="189" type="stmt" count="0"/>
        <line num="191" type="stmt" count="0"/>
        <line num="197" type="method" name="getController" visibility="public" complexity="2" crap="6" count="0"/>
        <line num="199" type="stmt" count="0"/>
        <line num="200" type="stmt" count="0"/>
        <line num="203" type="stmt" count="0"/>
        <line num="204" type="stmt" count="0"/>
        <line num="205" type="stmt" count="0"/>
        <line num="206" type="stmt" count="0"/>
        <line num="208" type="stmt" count="0"/>
        <line num="214" type="method" name="getUri" visibility="public" complexity="1" crap="2" count="0"/>
        <line num="216" type="stmt" count="0"/>
        <line num="218" type="stmt" count="0"/>
        <line num="226" type="method" name="getMethod" visibility="public" complexity="2" crap="6" count="0"/>
        <line num="228" type="stmt" count="0"/>
        <line num="229" type="stmt" count="0"/>
        <line num="230" type="stmt" count="0"/>
        <line num="231" type="stmt" count="0"/>
        <line num="232" type="stmt" count="0"/>
        <line num="235" type="stmt" count="0"/>
        <line num="238" type="stmt" count="0"/>
        <line num="244" type="method" name="getUses" visibility="public" complexity="1" crap="2" count="0"/>
        <line num="246" type="stmt" count="0"/>
        <line num="247" type="stmt" count="0"/>
        <line num="249" type="stmt" count="0"/>
        <line num="257" type="method" name="getCallback" visibility="public" complexity="2" crap="6" count="0"/>
        <line num="259" type="stmt" count="0"/>
        <line num="260" type="stmt" count="0"/>
        <line num="261" type="stmt" count="0"/>
        <line num="262" type="stmt" count="0"/>
        <line num="263" type="stmt" count="0"/>
        <line num="265" type="stmt" count="0"/>
        <line num="268" type="stmt" count="0"/>
        <line num="274" type="method" name="dynamic_route" visibility="public" complexity="3" crap="12" count="0"/>
        <line num="280" type="stmt" count="0"/>
        <line num="282" type="stmt" count="0"/>
        <line num="283" type="stmt" count="0"/>
        <line num="286" type="stmt" count="0"/>
        <line num="287" type="stmt" count="0"/>
        <line num="288" type="stmt" count="0"/>
        <line num="289" type="stmt" count="0"/>
        <line num="291" type="stmt" count="0"/>
        <line num="293" type="stmt" count="0"/>
        <line num="294" type="stmt" count="0"/>
        <line num="295" type="stmt" count="0"/>
        <line num="296" type="stmt" count="0"/>
        <line num="303" type="method" name="createRouteResource" visibility="public" complexity="3" crap="12" count="0"/>
        <line num="305" type="stmt" count="0"/>
        <line num="306" type="stmt" count="0"/>
        <line num="308" type="stmt" count="0"/>
        <line num="309" type="stmt" count="0"/>
        <line num="310" type="stmt" count="0"/>
        <line num="312" type="stmt" count="0"/>
        <line num="318" type="method" name="createRouteSubs" visibility="public" complexity="3" crap="12" count="0"/>
        <line num="320" type="stmt" count="0"/>
        <line num="321" type="stmt" count="0"/>
        <line num="324" type="stmt" count="0"/>
        <line num="325" type="stmt" count="0"/>
        <line num="326" type="stmt" count="0"/>
        <line num="328" type="stmt" count="0"/>
        <line num="329" type="stmt" count="0"/>
        <line num="335" type="method" name="createRouteActs" visibility="public" complexity="4" crap="20" count="0"/>
        <line num="337" type="stmt" count="0"/>
        <line num="338" type="stmt" count="0"/>
        <line num="341" type="stmt" count="0"/>
        <line num="342" type="stmt" count="0"/>
        <line num="343" type="stmt" count="0"/>
        <line num="345" type="stmt" count="0"/>
        <line num="346" type="stmt" count="0"/>
        <line num="348" type="stmt" count="0"/>
        <line num="349" type="stmt" count="0"/>
        <line num="350" type="stmt" count="0"/>
        <line num="351" type="stmt" count="0"/>
        <line num="358" type="method" name="prefixedResourceNames" visibility="public" complexity="2" crap="6" count="0"/>
        <line num="360" type="stmt" count="0"/>
        <line num="361" type="stmt" count="0"/>
        <line num="364" type="stmt" count="0"/>
        <line num="365" type="stmt" count="0"/>
        <line num="366" type="stmt" count="0"/>
        <line num="367" type="stmt" count="0"/>
        <line num="368" type="stmt" count="0"/>
        <line num="369" type="stmt" count="0"/>
        <line num="370" type="stmt" count="0"/>
        <line num="371" type="stmt" count="0"/>
        <line num="372" type="stmt" count="0"/>
        <line num="375" type="method" name="execute" visibility="public" complexity="1" crap="1" count="2"/>
        <line num="377" type="stmt" count="2"/>
        <metrics loc="379" ncloc="306" classes="1" methods="20" coveredmethods="1" conditionals="0" coveredconditionals="0" statements="141" coveredstatements="1" elements="161" coveredelements="2"/>
      </file>
      <file name="/var/www/_bases/base_ptvx_fila5/laravel/Modules/Xot/app/Actions/ThemeAction.php">
        <class name="Modules\Xot\Actions\ThemeAction" namespace="Modules\Xot\Actions">
          <metrics complexity="5" methods="5" coveredmethods="1" conditionals="0" coveredconditionals="0" statements="6" coveredstatements="1" elements="11" coveredelements="2"/>
        </class>
        <line num="20" type="method" name="setTheme" visibility="public" complexity="1" crap="2" count="0"/>
        <line num="22" type="stmt" count="0"/>
        <line num="23" type="stmt" count="0"/>
        <line num="26" type="method" name="getTheme" visibility="public" complexity="1" crap="2" count="0"/>
        <line num="28" type="stmt" count="0"/>
        <line num="31" type="method" name="isTheme" visibility="public" complexity="1" crap="2" count="0"/>
        <line num="33" type="stmt" count="0"/>
        <line num="36" type="method" name="getThemePath" visibility="public" complexity="1" crap="2" count="0"/>
        <line num="38" type="stmt" count="0"/>
        <line num="41" type="method" name="execute" visibility="public" complexity="1" crap="1" count="2"/>
        <line num="43" type="stmt" count="2"/>
        <metrics loc="45" ncloc="41" classes="1" methods="5" coveredmethods="1" conditionals="0" coveredconditionals="0" statements="6" coveredstatements="1" elements="11" coveredelements="2"/>
      </file>
      <file name="/var/www/_bases/base_ptvx_fila5/laravel/Modules/Xot/app/Actions/UrlAction.php">
        <class name="Modules\Xot\Actions\UrlAction" namespace="Modules\Xot\Actions">
          <metrics complexity="6" methods="5" coveredmethods="2" conditionals="0" coveredconditionals="0" statements="7" coveredstatements="2" elements="12" coveredelements="4"/>
        </class>
        <line num="18" type="method" name="__construct" visibility="public" complexity="1" crap="1" count="3"/>
        <line num="20" type="stmt" count="3"/>
        <line num="22" type="method" name="getInstance" visibility="public" complexity="2" crap="6" count="0"/>
        <line num="24" type="stmt" count="0"/>
        <line num="25" type="stmt" count="0"/>
        <line num="28" type="stmt" count="0"/>
        <line num="31" type="method" name="make" visibility="public" complexity="1" crap="2" count="0"/>
        <line num="33" type="stmt" count="0"/>
        <line num="36" type="method" name="checkValidUrl" visibility="public" complexity="1" crap="2" count="0"/>
        <line num="38" type="stmt" count="0"/>
        <line num="41" type="method" name="execute" visibility="public" complexity="1" crap="1" count="2"/>
        <line num="43" type="stmt" count="2"/>
        <metrics loc="45" ncloc="42" classes="1" methods="5" coveredmethods="2" conditionals="0" coveredconditionals="0" statements="7" coveredstatements="2" elements="12" coveredelements="4"/>
      </file>
      <file name="/var/www/_bases/base_ptvx_fila5/laravel/Modules/Xot/app/Actions/XotAction.php">
        <class name="Modules\Xot\Actions\XotAction" namespace="Modules\Xot\Actions">
          <metrics complexity="2" methods="2" coveredmethods="1" conditionals="0" coveredconditionals="0" statements="2" coveredstatements="1" elements="4" coveredelements="2"/>
        </class>
        <line num="18" type="method" name="getTenantClass" visibility="public" complexity="1" crap="2" count="0"/>
        <line num="20" type="stmt" count="0"/>
        <line num="23" type="method" name="execute" visibility="public" complexity="1" crap="1" count="2"/>
        <line num="25" type="stmt" count="2"/>
        <metrics loc="27" ncloc="24" classes="1" methods="2" coveredmethods="1" conditionals="0" coveredconditionals="0" statements="2" coveredstatements="1" elements="4" coveredelements="2"/>
      </file>
    </package>
    <package name="Modules\Xot\Actions\Blade">
      <file name="/var/www/_bases/base_ptvx_fila5/laravel/Modules/Xot/app/Actions/Blade/RegisterBladeComponentsAction.php">
        <class name="Modules\Xot\Actions\Blade\RegisterBladeComponentsAction" namespace="Modules\Xot\Actions\Blade">
          <metrics complexity="4" methods="1" coveredmethods="0" conditionals="0" coveredconditionals="0" statements="7" coveredstatements="6" elements="8" coveredelements="6"/>
        </class>
        <line num="16" type="method" name="execute" visibility="public" complexity="4" crap="4.05" count="249"/>
        <line num="18" type="stmt" count="249"/>
        <line num="20" type="stmt" count="249"/>
        <line num="21" type="stmt" count="249"/>
        <line num="24" type="stmt" count="249"/>
        <line num="25" type="stmt" count="249"/>
        <line num="26" type="stmt" count="0"/>
        <line num="28" type="stmt" count="249"/>
        <metrics loc="32" ncloc="32" classes="1" methods="1" coveredmethods="0" conditionals="0" coveredconditionals="0" statements="7" coveredstatements="6" elements="8" coveredelements="6"/>
      </file>
    </package>
    <package name="Modules\Xot\Actions\Cast">
      <file name="/var/www/_bases/base_ptvx_fila5/laravel/Modules/Xot/app/Actions/Cast/SafeArrayByModelCastAction.php">
        <class name="Modules\Xot\Actions\Cast\SafeArrayByModelCastAction" namespace="Modules\Xot\Actions\Cast">
          <metrics complexity="5" methods="2" coveredmethods="0" conditionals="0" coveredconditionals="0" statements="9" coveredstatements="3" elements="11" coveredelements="3"/>
        </class>
        <line num="17" type="method" name="execute" visibility="public" complexity="2" crap="2.06" count="3"/>
        <line num="21" type="stmt" count="3"/>
        <line num="23" type="stmt" count="1"/>
        <line num="24" type="stmt" count="2"/>
        <line num="25" type="stmt" count="0"/>
        <line num="32" type="method" name="safeExecute" visibility="public" complexity="3" crap="12" count="0"/>
        <line num="34" type="stmt" count="0"/>
        <line num="35" type="stmt" count="0"/>
        <line num="37" type="stmt" count="0"/>
        <line num="38" type="stmt" count="0"/>
        <line num="43" type="stmt" count="0"/>
        <metrics loc="46" ncloc="38" classes="1" methods="2" coveredmethods="0" conditionals="0" coveredconditionals="0" statements="9" coveredstatements="3" elements="11" coveredelements="3"/>
      </file>
      <file name="/var/www/_bases/base_ptvx_fila5/laravel/Modules/Xot/app/Actions/Cast/SafeArrayCastAction.php">
        <class name="Modules\Xot\Actions\Cast\SafeArrayCastAction" namespace="Modules\Xot\Actions\Cast">
          <metrics complexity="33" methods="10" coveredmethods="10" conditionals="0" coveredconditionals="0" statements="44" coveredstatements="44" elements="54" coveredelements="54"/>
        </class>
        <line num="46" type="method" name="execute" visibility="public" complexity="13" crap="13" count="13"/>
        <line num="49" type="stmt" count="13"/>
        <line num="50" type="stmt" count="11"/>
        <line num="54" type="stmt" count="3"/>
        <line num="55" type="stmt" count="3"/>
        <line num="59" type="stmt" count="1"/>
        <line num="60" type="stmt" count="1"/>
        <line num="62" type="stmt" count="1"/>
        <line num="66" type="stmt" count="1"/>
        <line num="67" type="stmt" count="1"/>
        <line num="71" type="stmt" count="1"/>
        <line num="72" type="stmt" count="1"/>
        <line num="74" type="stmt" count="1"/>
        <line num="78" type="stmt" count="1"/>
        <line num="79" type="stmt" count="1"/>
        <line num="83" type="stmt" count="1"/>
        <line num="84" type="stmt" count="1"/>
        <line num="88" type="stmt" count="1"/>
        <line num="95" type="method" name="normalizeArray" visibility="private" complexity="2" crap="2" count="11"/>
        <line num="97" type="stmt" count="11"/>
        <line num="99" type="stmt" count="11"/>
        <line num="100" type="stmt" count="10"/>
        <line num="103" type="stmt" count="11"/>
        <line num="113" type="method" name="executeWithKeys" visibility="public" complexity="3" crap="3" count="2"/>
        <line num="115" type="stmt" count="2"/>
        <line num="118" type="stmt" count="2"/>
        <line num="119" type="stmt" count="2"/>
        <line num="120" type="stmt" count="1"/>
        <line num="124" type="stmt" count="2"/>
        <line num="134" type="method" name="executeWithFilter" visibility="public" complexity="1" crap="1" count="2"/>
        <line num="136" type="stmt" count="2"/>
        <line num="139" type="stmt" count="2"/>
        <line num="141" type="stmt" count="2"/>
        <line num="151" type="method" name="executeWithValueType" visibility="public" complexity="6" crap="6" count="2"/>
        <line num="153" type="stmt" count="2"/>
        <line num="157" type="stmt" count="2"/>
        <line num="158" type="stmt" count="1"/>
        <line num="159" type="stmt" count="2"/>
        <line num="160" type="stmt" count="2"/>
        <line num="161" type="stmt" count="1"/>
        <line num="162" type="stmt" count="1"/>
        <line num="163" type="stmt" count="1"/>
        <line num="164" type="stmt" count="1"/>
        <line num="166" type="stmt" count="1"/>
        <line num="175" type="method" name="canCast" visibility="public" complexity="4" crap="4" count="1"/>
        <line num="177" type="stmt" count="1"/>
        <line num="186" type="method" name="cast" visibility="public" complexity="1" crap="1" count="1"/>
        <line num="188" type="stmt" count="1"/>
        <line num="198" type="method" name="castWithKeys" visibility="public" complexity="1" crap="1" count="1"/>
        <line num="200" type="stmt" count="1"/>
        <line num="210" type="method" name="castWithFilter" visibility="public" complexity="1" crap="1" count="1"/>
        <line num="212" type="stmt" count="1"/>
        <line num="222" type="method" name="castWithValueType" visibility="public" complexity="1" crap="1" count="1"/>
        <line num="224" type="stmt" count="1"/>
        <metrics loc="227" ncloc="126" classes="1" methods="10" coveredmethods="10" conditionals="0" coveredconditionals="0" statements="44" coveredstatements="44" elements="54" coveredelements="54"/>
      </file>
      <file name="/var/www/_bases/base_ptvx_fila5/laravel/Modules/Xot/app/Actions/Cast/SafeAttributeCastAction.php">
        <class name="Modules\Xot\Actions\Cast\SafeAttributeCastAction" namespace="Modules\Xot\Actions\Cast">
          <metrics complexity="31" methods="12" coveredmethods="5" conditionals="0" coveredconditionals="0" statements="54" coveredstatements="30" elements="66" coveredelements="35"/>
        </class>
        <line num="37" type="method" name="hasAttribute" visibility="public" complexity="1" crap="1" count="2"/>
        <line num="39" type="stmt" count="2"/>
        <line num="41" type="stmt" count="2"/>
        <line num="51" type="method" name="hasNonEmptyAttribute" visibility="public" complexity="2" crap="2" count="2"/>
        <line num="53" type="stmt" count="2"/>
        <line num="55" type="stmt" count="2"/>
        <line num="57" type="stmt" count="2"/>
        <line num="68" type="method" name="getStringAttribute" visibility="public" complexity="2" crap="2.03" count="2"/>
        <line num="70" type="stmt" count="2"/>
        <line num="72" type="stmt" count="2"/>
        <line num="74" type="stmt" count="2"/>
        <line num="75" type="stmt" count="0"/>
        <line num="78" type="stmt" count="2"/>
        <line num="89" type="method" name="getIntAttribute" visibility="public" complexity="2" crap="2.03" count="2"/>
        <line num="91" type="stmt" count="2"/>
        <line num="93" type="stmt" count="2"/>
        <line num="95" type="stmt" count="2"/>
        <line num="96" type="stmt" count="0"/>
        <line num="99" type="stmt" count="2"/>
        <line num="110" type="method" name="getFloatAttribute" visibility="public" complexity="2" crap="2.03" count="1"/>
        <line num="112" type="stmt" count="1"/>
        <line num="114" type="stmt" count="1"/>
        <line num="116" type="stmt" count="1"/>
        <line num="117" type="stmt" count="0"/>
        <line num="120" type="stmt" count="1"/>
        <line num="131" type="method" name="getBooleanAttribute" visibility="public" complexity="2" crap="2.03" count="2"/>
        <line num="133" type="stmt" count="2"/>
        <line num="135" type="stmt" count="2"/>
        <line num="137" type="stmt" count="2"/>
        <line num="138" type="stmt" count="0"/>
        <line num="141" type="stmt" count="2"/>
        <line num="152" type="method" name="getArrayAttribute" visibility="public" complexity="2" crap="2.03" count="1"/>
        <line num="154" type="stmt" count="1"/>
        <line num="156" type="stmt" count="1"/>
        <line num="158" type="stmt" count="1"/>
        <line num="159" type="stmt" count="0"/>
        <line num="162" type="stmt" count="1"/>
        <line num="173" type="method" name="getTypedAttribute" visibility="public" complexity="12" crap="156" count="0"/>
        <line num="175" type="stmt" count="0"/>
        <line num="176" type="stmt" count="0"/>
        <line num="178" type="stmt" count="0"/>
        <line num="179" type="stmt" count="0"/>
        <line num="180" type="stmt" count="0"/>
        <line num="181" type="stmt" count="0"/>
        <line num="182" type="stmt" count="0"/>
        <line num="183" type="stmt" count="0"/>
        <line num="184" type="stmt" count="0"/>
        <line num="185" type="stmt" count="0"/>
        <line num="186" type="stmt" count="0"/>
        <line num="187" type="stmt" count="0"/>
        <line num="188" type="stmt" count="0"/>
        <line num="199" type="method" name="hasAttributeValue" visibility="public" complexity="1" crap="1" count="1"/>
        <line num="201" type="stmt" count="1"/>
        <line num="203" type="stmt" count="1"/>
        <line num="205" type="stmt" count="1"/>
        <line num="216" type="method" name="getValidatedAttribute" visibility="public" complexity="3" crap="12" count="0"/>
        <line num="223" type="stmt" count="0"/>
        <line num="224" type="stmt" count="0"/>
        <line num="226" type="stmt" count="0"/>
        <line num="228" type="stmt" count="0"/>
        <line num="229" type="stmt" count="0"/>
        <line num="232" type="stmt" count="0"/>
        <line num="238" type="method" name="hasNonEmpty" visibility="public" complexity="1" crap="1" count="1"/>
        <line num="240" type="stmt" count="1"/>
        <line num="246" type="method" name="getString" visibility="public" complexity="1" crap="1" count="1"/>
        <line num="248" type="stmt" count="1"/>
        <metrics loc="251" ncloc="153" classes="1" methods="12" coveredmethods="5" conditionals="0" coveredconditionals="0" statements="54" coveredstatements="30" elements="66" coveredelements="35"/>
      </file>
      <file name="/var/www/_bases/base_ptvx_fila5/laravel/Modules/Xot/app/Actions/Cast/SafeBooleanCastAction.php">
        <class name="Modules\Xot\Actions\Cast\SafeBooleanCastAction" namespace="Modules\Xot\Actions\Cast">
          <metrics complexity="31" methods="8" coveredmethods="1" conditionals="0" coveredconditionals="0" statements="52" coveredstatements="22" elements="60" coveredelements="23"/>
        </class>
        <line num="46" type="method" name="execute" visibility="public" complexity="9" crap="9.65" count="10"/>
        <line num="49" type="stmt" count="10"/>
        <line num="50" type="stmt" count="5"/>
        <line num="54" type="stmt" count="7"/>
        <line num="55" type="stmt" count="3"/>
        <line num="59" type="stmt" count="5"/>
        <line num="60" type="stmt" count="5"/>
        <line num="64" type="stmt" count="1"/>
        <line num="65" type="stmt" count="1"/>
        <line num="69" type="stmt" count="1"/>
        <line num="70" type="stmt" count="1"/>
        <line num="74" type="stmt" count="1"/>
        <line num="75" type="stmt" count="1"/>
        <line num="79" type="stmt" count="0"/>
        <line num="80" type="stmt" count="0"/>
        <line num="84" type="stmt" count="0"/>
        <line num="95" type="method" name="executeWithCustomValues" visibility="public" complexity="6" crap="42" count="0"/>
        <line num="101" type="stmt" count="0"/>
        <line num="102" type="stmt" count="0"/>
        <line num="105" type="stmt" count="0"/>
        <line num="106" type="stmt" count="0"/>
        <line num="107" type="stmt" count="0"/>
        <line num="108" type="stmt" count="0"/>
        <line num="109" type="stmt" count="0"/>
        <line num="111" type="stmt" count="0"/>
        <line num="115" type="stmt" count="0"/>
        <line num="116" type="stmt" count="0"/>
        <line num="117" type="stmt" count="0"/>
        <line num="118" type="stmt" count="0"/>
        <line num="119" type="stmt" count="0"/>
        <line num="121" type="stmt" count="0"/>
        <line num="126" type="stmt" count="0"/>
        <line num="137" type="method" name="executeWithThreshold" visibility="public" complexity="3" crap="12" count="0"/>
        <line num="143" type="stmt" count="0"/>
        <line num="144" type="stmt" count="0"/>
        <line num="146" type="stmt" count="0"/>
        <line num="147" type="stmt" count="0"/>
        <line num="150" type="stmt" count="0"/>
        <line num="154" type="stmt" count="0"/>
        <line num="162" type="method" name="canCast" visibility="public" complexity="5" crap="30" count="0"/>
        <line num="164" type="stmt" count="0"/>
        <line num="173" type="method" name="cast" visibility="public" complexity="1" crap="1" count="1"/>
        <line num="175" type="stmt" count="1"/>
        <line num="186" type="method" name="castWithCustomValues" visibility="public" complexity="1" crap="2" count="0"/>
        <line num="192" type="stmt" count="0"/>
        <line num="203" type="method" name="castWithThreshold" visibility="public" complexity="1" crap="2" count="0"/>
        <line num="209" type="stmt" count="0"/>
        <line num="219" type="method" name="parseStringToBool" visibility="private" complexity="5" crap="5.39" count="1"/>
        <line num="221" type="stmt" count="1"/>
        <line num="224" type="stmt" count="1"/>
        <line num="225" type="stmt" count="1"/>
        <line num="229" type="stmt" count="1"/>
        <line num="230" type="stmt" count="1"/>
        <line num="231" type="stmt" count="1"/>
        <line num="235" type="stmt" count="1"/>
        <line num="236" type="stmt" count="1"/>
        <line num="237" type="stmt" count="1"/>
        <line num="241" type="stmt" count="0"/>
        <line num="242" type="stmt" count="0"/>
        <line num="246" type="stmt" count="0"/>
        <metrics loc="249" ncloc="151" classes="1" methods="8" coveredmethods="1" conditionals="0" coveredconditionals="0" statements="52" coveredstatements="22" elements="60" coveredelements="23"/>
      </file>
      <file name="/var/www/_bases/base_ptvx_fila5/laravel/Modules/Xot/app/Actions/Cast/SafeEloquentCastAction.php">
        <class name="Modules\Xot\Actions\Cast\SafeEloquentCastAction" namespace="Modules\Xot\Actions\Cast">
          <metrics complexity="35" methods="14" coveredmethods="12" conditionals="0" coveredconditionals="0" statements="66" coveredstatements="58" elements="80" coveredelements="70"/>
        </class>
        <line num="36" type="method" name="hasAttribute" visibility="public" complexity="1" crap="1" count="3"/>
        <line num="38" type="stmt" count="3"/>
        <line num="41" type="stmt" count="3"/>
        <line num="51" type="method" name="hasNonEmptyAttribute" visibility="public" complexity="2" crap="2" count="2"/>
        <line num="53" type="stmt" count="2"/>
        <line num="55" type="stmt" count="2"/>
        <line num="57" type="stmt" count="2"/>
        <line num="68" type="method" name="getStringAttribute" visibility="public" complexity="2" crap="2" count="5"/>
        <line num="70" type="stmt" count="5"/>
        <line num="72" type="stmt" count="5"/>
        <line num="74" type="stmt" count="5"/>
        <line num="75" type="stmt" count="1"/>
        <line num="78" type="stmt" count="4"/>
        <line num="89" type="method" name="getIntAttribute" visibility="public" complexity="2" crap="2" count="5"/>
        <line num="91" type="stmt" count="5"/>
        <line num="93" type="stmt" count="5"/>
        <line num="95" type="stmt" count="5"/>
        <line num="96" type="stmt" count="1"/>
        <line num="99" type="stmt" count="4"/>
        <line num="110" type="method" name="getFloatAttribute" visibility="public" complexity="2" crap="2" count="3"/>
        <line num="112" type="stmt" count="3"/>
        <line num="114" type="stmt" count="3"/>
        <line num="116" type="stmt" count="3"/>
        <line num="117" type="stmt" count="1"/>
        <line num="120" type="stmt" count="2"/>
        <line num="131" type="method" name="getBooleanAttribute" visibility="public" complexity="2" crap="2" count="3"/>
        <line num="133" type="stmt" count="3"/>
        <line num="135" type="stmt" count="3"/>
        <line num="137" type="stmt" count="3"/>
        <line num="138" type="stmt" count="1"/>
        <line num="141" type="stmt" count="2"/>
        <line num="152" type="method" name="getArrayAttribute" visibility="public" complexity="2" crap="2" count="3"/>
        <line num="154" type="stmt" count="3"/>
        <line num="156" type="stmt" count="3"/>
        <line num="158" type="stmt" count="3"/>
        <line num="159" type="stmt" count="1"/>
        <line num="162" type="stmt" count="2"/>
        <line num="173" type="method" name="getTypedAttribute" visibility="public" complexity="12" crap="34.48" count="4"/>
        <line num="175" type="stmt" count="4"/>
        <line num="176" type="stmt" count="4"/>
        <line num="178" type="stmt" count="4"/>
        <line num="179" type="stmt" count="3"/>
        <line num="180" type="stmt" count="3"/>
        <line num="181" type="stmt" count="0"/>
        <line num="182" type="stmt" count="0"/>
        <line num="183" type="stmt" count="0"/>
        <line num="184" type="stmt" count="0"/>
        <line num="185" type="stmt" count="0"/>
        <line num="186" type="stmt" count="0"/>
        <line num="187" type="stmt" count="0"/>
        <line num="188" type="stmt" count="4"/>
        <line num="199" type="method" name="hasAttributeValue" visibility="public" complexity="1" crap="1" count="1"/>
        <line num="201" type="stmt" count="1"/>
        <line num="203" type="stmt" count="1"/>
        <line num="205" type="stmt" count="1"/>
        <line num="216" type="method" name="getValidatedAttribute" visibility="public" complexity="3" crap="3" count="2"/>
        <line num="223" type="stmt" count="2"/>
        <line num="224" type="stmt" count="2"/>
        <line num="226" type="stmt" count="2"/>
        <line num="228" type="stmt" count="2"/>
        <line num="229" type="stmt" count="1"/>
        <line num="232" type="stmt" count="2"/>
        <line num="243" type="method" name="hasAttributeCondition" visibility="public" complexity="2" crap="2.03" count="2"/>
        <line num="245" type="stmt" count="2"/>
        <line num="247" type="stmt" count="2"/>
        <line num="249" type="stmt" count="2"/>
        <line num="250" type="stmt" count="0"/>
        <line num="253" type="stmt" count="2"/>
        <line num="265" type="method" name="getAttributeWithFallback" visibility="public" complexity="2" crap="2" count="2"/>
        <line num="272" type="stmt" count="2"/>
        <line num="273" type="stmt" count="2"/>
        <line num="274" type="stmt" count="2"/>
        <line num="276" type="stmt" count="2"/>
        <line num="278" type="stmt" count="2"/>
        <line num="279" type="stmt" count="2"/>
        <line num="282" type="stmt" count="2"/>
        <line num="293" type="method" name="get" visibility="public" complexity="1" crap="1" count="2"/>
        <line num="295" type="stmt" count="2"/>
        <line num="305" type="method" name="has" visibility="public" complexity="1" crap="1" count="2"/>
        <line num="307" type="stmt" count="2"/>
        <metrics loc="310" ncloc="186" classes="1" methods="14" coveredmethods="12" conditionals="0" coveredconditionals="0" statements="66" coveredstatements="58" elements="80" coveredelements="70"/>
      </file>
      <file name="/var/www/_bases/base_ptvx_fila5/laravel/Modules/Xot/app/Actions/Cast/SafeFloatCastAction.php">
        <class name="Modules\Xot\Actions\Cast\SafeFloatCastAction" namespace="Modules\Xot\Actions\Cast">
          <metrics complexity="26" methods="11" coveredmethods="4" conditionals="0" coveredconditionals="0" statements="37" coveredstatements="27" elements="48" coveredelements="31"/>
        </class>
        <line num="44" type="method" name="execute" visibility="public" complexity="12" crap="12.34" count="30"/>
        <line num="47" type="stmt" count="30"/>
        <line num="48" type="stmt" count="7"/>
        <line num="52" type="stmt" count="23"/>
        <line num="53" type="stmt" count="1"/>
        <line num="57" type="stmt" count="22"/>
        <line num="58" type="stmt" count="5"/>
        <line num="62" type="stmt" count="17"/>
        <line num="63" type="stmt" count="14"/>
        <line num="67" type="stmt" count="3"/>
        <line num="68" type="stmt" count="1"/>
        <line num="72" type="stmt" count="2"/>
        <line num="73" type="stmt" count="0"/>
        <line num="77" type="stmt" count="2"/>
        <line num="78" type="stmt" count="0"/>
        <line num="82" type="stmt" count="2"/>
        <line num="91" type="method" name="cast" visibility="public" complexity="1" crap="1" count="3"/>
        <line num="93" type="stmt" count="3"/>
        <line num="104" type="method" name="executeWithRange" visibility="public" complexity="1" crap="1" count="3"/>
        <line num="106" type="stmt" count="3"/>
        <line num="109" type="stmt" count="3"/>
        <line num="120" type="method" name="castWithRange" visibility="public" complexity="1" crap="1" count="1"/>
        <line num="122" type="stmt" count="1"/>
        <line num="132" type="method" name="executeWithPrecision" visibility="public" complexity="1" crap="2" count="0"/>
        <line num="134" type="stmt" count="0"/>
        <line num="136" type="stmt" count="0"/>
        <line num="146" type="method" name="castWithPrecision" visibility="public" complexity="1" crap="2" count="0"/>
        <line num="148" type="stmt" count="0"/>
        <line num="157" type="method" name="executeAsPercentage" visibility="public" complexity="1" crap="2" count="0"/>
        <line num="159" type="stmt" count="0"/>
        <line num="168" type="method" name="castAsPercentage" visibility="public" complexity="1" crap="2" count="0"/>
        <line num="170" type="stmt" count="0"/>
        <line num="179" type="method" name="executeAsCurrency" visibility="public" complexity="1" crap="2" count="0"/>
        <line num="181" type="stmt" count="0"/>
        <line num="183" type="stmt" count="0"/>
        <line num="192" type="method" name="castAsCurrency" visibility="public" complexity="1" crap="2" count="0"/>
        <line num="194" type="stmt" count="0"/>
        <line num="204" type="method" name="parseStringToFloat" visibility="private" complexity="5" crap="5" count="14"/>
        <line num="206" type="stmt" count="14"/>
        <line num="209" type="stmt" count="14"/>
        <line num="210" type="stmt" count="1"/>
        <line num="214" type="stmt" count="13"/>
        <line num="217" type="stmt" count="13"/>
        <line num="220" type="stmt" count="13"/>
        <line num="221" type="stmt" count="8"/>
        <line num="224" type="stmt" count="8"/>
        <line num="225" type="stmt" count="8"/>
        <line num="229" type="stmt" count="5"/>
        <metrics loc="232" ncloc="118" classes="1" methods="11" coveredmethods="4" conditionals="0" coveredconditionals="0" statements="37" coveredstatements="27" elements="48" coveredelements="31"/>
      </file>
      <file name="/var/www/_bases/base_ptvx_fila5/laravel/Modules/Xot/app/Actions/Cast/SafeIntCastAction.php">
        <class name="Modules\Xot\Actions\Cast\SafeIntCastAction" namespace="Modules\Xot\Actions\Cast">
          <metrics complexity="22" methods="7" coveredmethods="6" conditionals="0" coveredconditionals="0" statements="32" coveredstatements="31" elements="39" coveredelements="37"/>
        </class>
        <line num="32" type="method" name="execute" visibility="public" complexity="12" crap="12" count="17"/>
        <line num="35" type="stmt" count="17"/>
        <line num="36" type="stmt" count="13"/>
        <line num="40" type="stmt" count="6"/>
        <line num="41" type="stmt" count="1"/>
        <line num="45" type="stmt" count="6"/>
        <line num="46" type="stmt" count="3"/>
        <line num="50" type="stmt" count="4"/>
        <line num="51" type="stmt" count="4"/>
        <line num="55" type="stmt" count="1"/>
        <line num="56" type="stmt" count="1"/>
        <line num="60" type="stmt" count="1"/>
        <line num="61" type="stmt" count="1"/>
        <line num="65" type="stmt" count="1"/>
        <line num="66" type="stmt" count="1"/>
        <line num="70" type="stmt" count="1"/>
        <line num="79" type="method" name="cast" visibility="public" complexity="1" crap="1" count="4"/>
        <line num="81" type="stmt" count="4"/>
        <line num="92" type="method" name="executeWithRange" visibility="public" complexity="1" crap="1" count="2"/>
        <line num="94" type="stmt" count="2"/>
        <line num="97" type="stmt" count="2"/>
        <line num="108" type="method" name="castWithRange" visibility="public" complexity="1" crap="1" count="1"/>
        <line num="110" type="stmt" count="1"/>
        <line num="119" type="method" name="executeAsId" visibility="public" complexity="1" crap="1" count="2"/>
        <line num="121" type="stmt" count="2"/>
        <line num="123" type="stmt" count="2"/>
        <line num="132" type="method" name="castAsId" visibility="public" complexity="1" crap="1" count="1"/>
        <line num="134" type="stmt" count="1"/>
        <line num="144" type="method" name="parseStringToInt" visibility="private" complexity="5" crap="5.03" count="4"/>
[...]
        <line num="35" type="stmt" count="1"/>
        <metrics loc="38" ncloc="28" classes="1" methods="1" coveredmethods="1" conditionals="0" coveredconditionals="0" statements="4" coveredstatements="4" elements="5" coveredelements="5"/>
      </file>
      <file name="/var/www/_bases/base_ptvx_fila5/laravel/Modules/Xot/app/Traits/HasSchemalessAttributes.php">
        <class name="Modules\Xot\Traits\HasSchemalessAttributes" namespace="Modules\Xot\Traits">
          <metrics complexity="18" methods="12" coveredmethods="8" conditionals="0" coveredconditionals="0" statements="36" coveredstatements="27" elements="48" coveredelements="35"/>
        </class>
        <line num="32" type="method" name="schemalessFillable" visibility="protected" complexity="1" crap="2" count="0"/>
        <line num="34" type="stmt" count="0"/>
        <line num="35" type="stmt" count="0"/>
        <line num="36" type="stmt" count="0"/>
        <line num="44" type="method" name="schemalessCasts" visibility="protected" complexity="1" crap="2" count="0"/>
        <line num="47" type="stmt" count="0"/>
        <line num="49" type="stmt" count="0"/>
        <line num="50" type="stmt" count="0"/>
        <line num="51" type="stmt" count="0"/>
        <line num="61" type="method" name="scopeWithExtraAttributes" visibility="public" complexity="2" crap="2.15" count="1"/>
        <line num="63" type="stmt" count="1"/>
        <line num="64" type="stmt" count="1"/>
        <line num="67" type="stmt" count="0"/>
        <line num="77" type="method" name="scopeWhereExtraAttribute" visibility="public" complexity="1" crap="1" count="1"/>
        <line num="79" type="stmt" count="1"/>
        <line num="86" type="method" name="extraAttributesWrapper" visibility="protected" complexity="3" crap="3" count="3"/>
        <line num="88" type="stmt" count="3"/>
        <line num="89" type="stmt" count="3"/>
        <line num="92" type="stmt" count="3"/>
        <line num="93" type="stmt" count="3"/>
        <line num="94" type="stmt" count="2"/>
        <line num="97" type="stmt" count="3"/>
        <line num="98" type="stmt" count="3"/>
        <line num="100" type="stmt" count="3"/>
        <line num="106" type="method" name="getExtraAttribute" visibility="public" complexity="1" crap="1" count="1"/>
        <line num="108" type="stmt" count="1"/>
        <line num="114" type="method" name="setExtraAttribute" visibility="public" complexity="1" crap="1" count="3"/>
        <line num="116" type="stmt" count="3"/>
        <line num="117" type="stmt" count="3"/>
        <line num="125" type="method" name="getExtraAttributes" visibility="public" complexity="3" crap="3" count="1"/>
        <line num="127" type="stmt" count="1"/>
        <line num="128" type="stmt" count="1"/>
        <line num="130" type="stmt" count="1"/>
        <line num="131" type="stmt" count="1"/>
        <line num="132" type="stmt" count="1"/>
        <line num="136" type="stmt" count="1"/>
        <line num="142" type="method" name="hasExtraAttribute" visibility="public" complexity="1" crap="1" count="2"/>
        <line num="144" type="stmt" count="2"/>
        <line num="150" type="method" name="removeExtraAttribute" visibility="public" complexity="1" crap="1" count="1"/>
        <line num="152" type="stmt" count="1"/>
        <line num="153" type="stmt" count="1"/>
        <line num="156" type="method" name="syncExtraAttributesWrapper" visibility="protected" complexity="2" crap="2" count="3"/>
        <line num="158" type="stmt" count="3"/>
        <line num="159" type="stmt" count="3"/>
        <line num="160" type="stmt" count="3"/>
        <line num="163" type="stmt" count="3"/>
        <line num="169" type="method" name="syncExtraAttributes" visibility="public" complexity="1" crap="2" count="0"/>
        <line num="171" type="stmt" count="0"/>
        <metrics loc="174" ncloc="113" classes="1" methods="12" coveredmethods="8" conditionals="0" coveredconditionals="0" statements="36" coveredstatements="27" elements="48" coveredelements="35"/>
      </file>
      <file name="/var/www/_bases/base_ptvx_fila5/laravel/Modules/Xot/app/Traits/HasTableFunctionsTrait.php">
        <class name="Modules\Xot\Traits\HasTableFunctionsTrait" namespace="Modules\Xot\Traits">
          <metrics complexity="4" methods="4" coveredmethods="4" conditionals="0" coveredconditionals="0" statements="24" coveredstatements="24" elements="28" coveredelements="28"/>
        </class>
        <line num="22" type="method" name="getTableColumns" visibility="public" complexity="1" crap="1" count="1"/>
        <line num="24" type="stmt" count="1"/>
        <line num="25" type="stmt" count="1"/>
        <line num="26" type="stmt" count="1"/>
        <line num="27" type="stmt" count="1"/>
        <line num="28" type="stmt" count="1"/>
        <line num="29" type="stmt" count="1"/>
        <line num="37" type="method" name="getTableActions" visibility="public" complexity="1" crap="1" count="1"/>
        <line num="39" type="stmt" count="1"/>
        <line num="40" type="stmt" count="1"/>
        <line num="41" type="stmt" count="1"/>
        <line num="42" type="stmt" count="1"/>
        <line num="43" type="stmt" count="1"/>
        <line num="44" type="stmt" count="1"/>
        <line num="45" type="stmt" count="1"/>
        <line num="46" type="stmt" count="1"/>
        <line num="47" type="stmt" count="1"/>
        <line num="48" type="stmt" count="1"/>
        <line num="49" type="stmt" count="1"/>
        <line num="57" type="method" name="getTableBulkActions" visibility="public" complexity="1" crap="1" count="1"/>
        <line num="59" type="stmt" count="1"/>
        <line num="60" type="stmt" count="1"/>
        <line num="61" type="stmt" count="1"/>
        <line num="62" type="stmt" count="1"/>
        <line num="63" type="stmt" count="1"/>
        <line num="64" type="stmt" count="1"/>
        <line num="70" type="method" name="getResourceSlug" visibility="protected" complexity="1" crap="1" count="1"/>
        <line num="73" type="stmt" count="1"/>
        <metrics loc="76" ncloc="56" classes="1" methods="4" coveredmethods="4" conditionals="0" coveredconditionals="0" statements="24" coveredstatements="24" elements="28" coveredelements="28"/>
      </file>
      <file name="/var/www/_bases/base_ptvx_fila5/laravel/Modules/Xot/app/Traits/Updater.php">
        <class name="Modules\Xot\Traits\Updater" namespace="Modules\Xot\Traits">
          <metrics complexity="8" methods="4" coveredmethods="0" conditionals="0" coveredconditionals="0" statements="23" coveredstatements="6" elements="27" coveredelements="6"/>
        </class>
        <line num="33" type="method" name="creator" visibility="public" complexity="1" crap="2" count="0"/>
        <line num="36" type="stmt" count="0"/>
        <line num="38" type="stmt" count="0"/>
        <line num="48" type="method" name="updater" visibility="public" complexity="1" crap="2" count="0"/>
        <line num="51" type="stmt" count="0"/>
        <line num="53" type="stmt" count="0"/>
        <line num="63" type="method" name="deleter" visibility="public" complexity="1" crap="2" count="0"/>
        <line num="66" type="stmt" count="0"/>
        <line num="68" type="stmt" count="0"/>
        <line num="74" type="method" name="bootUpdater" visibility="protected" complexity="5" crap="11.77" count="249"/>
        <line num="76" type="stmt" count="249"/>
        <line num="77" type="stmt" count="0"/>
        <line num="79" type="stmt" count="0"/>
        <line num="80" type="stmt" count="0"/>
        <line num="83" type="stmt" count="0"/>
        <line num="84" type="stmt" count="0"/>
        <line num="86" type="stmt" count="249"/>
        <line num="88" type="stmt" count="249"/>
        <line num="89" type="stmt" count="0"/>
        <line num="91" type="stmt" count="0"/>
        <line num="92" type="stmt" count="0"/>
        <line num="94" type="stmt" count="249"/>
        <line num="99" type="stmt" count="249"/>
        <line num="100" type="stmt" count="0"/>
        <line num="102" type="stmt" count="0"/>
        <line num="103" type="stmt" count="0"/>
        <line num="105" type="stmt" count="249"/>
        <metrics loc="110" ncloc="67" classes="1" methods="4" coveredmethods="0" conditionals="0" coveredconditionals="0" statements="23" coveredstatements="6" elements="27" coveredelements="6"/>
      </file>
    </package>
    <package name="Modules\Xot\Traits\Filament">
      <file name="/var/www/_bases/base_ptvx_fila5/laravel/Modules/Xot/app/Traits/Filament/HasCustomModelLabel.php">
        <class name="Modules\Xot\Traits\Filament\HasCustomModelLabel" namespace="Modules\Xot\Traits\Filament">
          <metrics complexity="5" methods="4" coveredmethods="4" conditionals="0" coveredconditionals="0" statements="7" coveredstatements="7" elements="11" coveredelements="11"/>
        </class>
        <line num="15" type="method" name="getPluralModelLabel" visibility="public" complexity="1" crap="1" count="2"/>
        <line num="17" type="stmt" count="2"/>
        <line num="19" type="stmt" count="2"/>
        <line num="25" type="method" name="getModelLabel" visibility="public" complexity="2" crap="2" count="2"/>
        <line num="27" type="stmt" count="2"/>
        <line num="28" type="stmt" count="1"/>
        <line num="31" type="stmt" count="1"/>
        <line num="37" type="method" name="getNavigationLabel" visibility="public" complexity="1" crap="1" count="1"/>
        <line num="39" type="stmt" count="1"/>
        <line num="45" type="method" name="getBreadcrumb" visibility="public" complexity="1" crap="1" count="1"/>
        <line num="47" type="stmt" count="1"/>
        <metrics loc="50" ncloc="37" classes="1" methods="4" coveredmethods="4" conditionals="0" coveredconditionals="0" statements="7" coveredstatements="7" elements="11" coveredelements="11"/>
      </file>
    </package>
    <package name="Modules\Xot\ValueObjects">
      <file name="/var/www/_bases/base_ptvx_fila5/laravel/Modules/Xot/app/ValueObjects/EmailValueObject.php">
        <class name="Modules\Xot\ValueObjects\EmailValueObject" namespace="Modules\Xot\ValueObjects">
          <metrics complexity="2" methods="1" coveredmethods="1" conditionals="0" coveredconditionals="0" statements="2" coveredstatements="2" elements="3" coveredelements="3"/>
        </class>
        <line num="17" type="method" name="__construct" visibility="public" complexity="2" crap="2" count="2"/>
        <line num="21" type="stmt" count="2"/>
        <line num="22" type="stmt" count="1"/>
        <metrics loc="26" ncloc="18" classes="1" methods="1" coveredmethods="1" conditionals="0" coveredconditionals="0" statements="2" coveredstatements="2" elements="3" coveredelements="3"/>
      </file>
      <file name="/var/www/_bases/base_ptvx_fila5/laravel/Modules/Xot/app/ValueObjects/PhoneValueObject.php">
        <class name="Modules\Xot\ValueObjects\PhoneValueObject" namespace="Modules\Xot\ValueObjects">
          <metrics complexity="4" methods="3" coveredmethods="3" conditionals="0" coveredconditionals="0" statements="5" coveredstatements="5" elements="8" coveredelements="8"/>
        </class>
        <line num="14" type="method" name="__construct" visibility="private" complexity="1" crap="1" count="1"/>
        <line num="17" type="stmt" count="1"/>
        <line num="19" type="method" name="fromString" visibility="public" complexity="2" crap="2" count="2"/>
        <line num="21" type="stmt" count="2"/>
        <line num="22" type="stmt" count="1"/>
        <line num="25" type="stmt" count="1"/>
        <line num="28" type="method" name="toString" visibility="public" complexity="1" crap="1" count="1"/>
        <line num="30" type="stmt" count="1"/>
        <metrics loc="33" ncloc="30" classes="1" methods="3" coveredmethods="3" conditionals="0" coveredconditionals="0" statements="5" coveredstatements="5" elements="8" coveredelements="8"/>
      </file>
    </package>
    <package name="Modules\Xot\View\Components\Dashboard">
      <file name="/var/www/_bases/base_ptvx_fila5/laravel/Modules/Xot/app/View/Components/Dashboard/Item.php">
        <class name="Modules\Xot\View\Components\Dashboard\Item" namespace="Modules\Xot\View\Components\Dashboard">
          <metrics complexity="1" methods="1" coveredmethods="0" conditionals="0" coveredconditionals="0" statements="5" coveredstatements="0" elements="6" coveredelements="0"/>
        </class>
        <line num="18" type="method" name="render" visibility="public" complexity="1" crap="2" count="0"/>
        <line num="21" type="stmt" count="0"/>
        <line num="23" type="stmt" count="0"/>
        <line num="24" type="stmt" count="0"/>
        <line num="25" type="stmt" count="0"/>
        <line num="27" type="stmt" count="0"/>
        <metrics loc="30" ncloc="24" classes="1" methods="1" coveredmethods="0" conditionals="0" coveredconditionals="0" statements="5" coveredstatements="0" elements="6" coveredelements="0"/>
      </file>
    </package>
    <package name="Modules\Xot\View\Components">
      <file name="/var/www/_bases/base_ptvx_fila5/laravel/Modules/Xot/app/View/Components/XDebug.php">
        <class name="Modules\Xot\View\Components\XDebug" namespace="Modules\Xot\View\Components">
          <metrics complexity="6" methods="3" coveredmethods="0" conditionals="0" coveredconditionals="0" statements="15" coveredstatements="0" elements="18" coveredelements="0"/>
        </class>
        <line num="22" type="method" name="__construct" visibility="public" complexity="1" crap="2" count="0"/>
        <line num="27" type="stmt" count="0"/>
        <line num="29" type="method" name="render" visibility="public" complexity="2" crap="6" count="0"/>
        <line num="32" type="stmt" count="0"/>
        <line num="34" type="stmt" count="0"/>
        <line num="35" type="stmt" count="0"/>
        <line num="41" type="stmt" count="0"/>
        <line num="42" type="stmt" count="0"/>
        <line num="43" type="stmt" count="0"/>
        <line num="45" type="stmt" count="0"/>
        <line num="48" type="method" name="debugStack" visibility="public" complexity="3" crap="12" count="0"/>
        <line num="50" type="stmt" count="0"/>
        <line num="51" type="stmt" count="0"/>
        <line num="54" type="stmt" count="0"/>
        <line num="56" type="stmt" count="0"/>
        <line num="67" type="stmt" count="0"/>
        <line num="68" type="stmt" count="0"/>
        <line num="70" type="stmt" count="0"/>
        <metrics loc="73" ncloc="57" classes="1" methods="3" coveredmethods="0" conditionals="0" coveredconditionals="0" statements="15" coveredstatements="0" elements="18" coveredelements="0"/>
      </file>
      <file name="/var/www/_bases/base_ptvx_fila5/laravel/Modules/Xot/app/View/Components/XotBaseComponent.php">
        <class name="Modules\Xot\View\Components\XotBaseComponent" namespace="Modules\Xot\View\Components">
          <metrics complexity="6" methods="3" coveredmethods="0" conditionals="0" coveredconditionals="0" statements="22" coveredstatements="0" elements="25" coveredelements="0"/>
        </class>
        <line num="42" type="method" name="assets" visibility="public" complexity="1" crap="2" count="0"/>
        <line num="44" type="stmt" count="0"/>
        <line num="50" type="method" name="getView" visibility="public" complexity="4" crap="20" count="0"/>
        <line num="52" type="stmt" count="0"/>
        <line num="54" type="stmt" count="0"/>
        <line num="55" type="stmt" count="0"/>
        <line num="58" type="stmt" count="0"/>
        <line num="59" type="stmt" count="0"/>
        <line num="60" type="stmt" count="0"/>
        <line num="63" type="stmt" count="0"/>
        <line num="65" type="stmt" count="0"/>
        <line num="66" type="stmt" count="0"/>
        <line num="67" type="stmt" count="0"/>
        <line num="69" type="stmt" count="0"/>
        <line num="70" type="stmt" count="0"/>
        <line num="72" type="stmt" count="0"/>
        <line num="73" type="stmt" count="0"/>
        <line num="76" type="stmt" count="0"/>
        <line num="78" type="stmt" count="0"/>
        <line num="83" type="method" name="render" visibility="public" complexity="1" crap="2" count="0"/>
        <line num="85" type="stmt" count="0"/>
        <line num="87" type="stmt" count="0"/>
        <line num="88" type="stmt" count="0"/>
        <line num="89" type="stmt" count="0"/>
        <line num="91" type="stmt" count="0"/>
        <metrics loc="94" ncloc="66" classes="1" methods="3" coveredmethods="0" conditionals="0" coveredconditionals="0" statements="22" coveredstatements="0" elements="25" coveredelements="0"/>
      </file>
    </package>
    <package name="Modules\Xot\View\Composers">
      <file name="/var/www/_bases/base_ptvx_fila5/laravel/Modules/Xot/app/View/Composers/XotComposer.php">
        <class name="Modules\Xot\View\Composers\XotComposer" namespace="Modules\Xot\View\Composers">
          <metrics complexity="14" methods="5" coveredmethods="0" conditionals="0" coveredconditionals="0" statements="38" coveredstatements="0" elements="43" coveredelements="0"/>
        </class>
        <line num="31" type="method" name="__call" visibility="public" complexity="3" crap="12" count="0"/>
        <line num="33" type="stmt" count="0"/>
        <line num="35" type="stmt" count="0"/>
        <line num="37" type="stmt" count="0"/>
        <line num="38" type="stmt" count="0"/>
        <line num="41" type="stmt" count="0"/>
        <line num="42" type="stmt" count="0"/>
        <line num="44" type="stmt" count="0"/>
        <line num="45" type="stmt" count="0"/>
        <line num="47" type="stmt" count="0"/>
        <line num="48" type="stmt" count="0"/>
        <line num="51" type="stmt" count="0"/>
        <line num="52" type="stmt" count="0"/>
        <line num="54" type="stmt" count="0"/>
        <line num="55" type="stmt" count="0"/>
        <line num="56" type="stmt" count="0"/>
        <line num="58" type="stmt" count="0"/>
        <line num="64" type="method" name="compose" visibility="public" complexity="3" crap="12" count="0"/>
        <line num="66" type="stmt" count="0"/>
        <line num="67" type="stmt" count="0"/>
        <line num="68" type="stmt" count="0"/>
        <line num="70" type="stmt" count="0"/>
        <line num="71" type="stmt" count="0"/>
        <line num="72" type="stmt" count="0"/>
        <line num="73" type="stmt" count="0"/>
        <line num="74" type="stmt" count="0"/>
        <line num="77" type="stmt" count="0"/>
        <line num="78" type="stmt" count="0"/>
        <line num="79" type="stmt" count="0"/>
        <line num="81" type="stmt" count="0"/>
        <line num="82" type="stmt" count="0"/>
        <line num="86" type="method" name="asset" visibility="public" complexity="1" crap="2" count="0"/>
        <line num="88" type="stmt" count="0"/>
        <line num="91" type="method" name="path" visibility="public" complexity="1" crap="2" count="0"/>
        <line num="93" type="stmt" count="0"/>
        <line num="96" type="method" name="metatag" visibility="public" complexity="6" crap="42" count="0"/>
        <line num="98" type="stmt" count="0"/>
        <line num="99" type="stmt" count="0"/>
        <line num="100" type="stmt" count="0"/>
        <line num="101" type="stmt" count="0"/>
        <line num="103" type="stmt" count="0"/>
        <line num="106" type="stmt" count="0"/>
        <line num="108" type="stmt" count="0"/>
        <metrics loc="111" ncloc="98" classes="1" methods="5" coveredmethods="0" conditionals="0" coveredconditionals="0" statements="38" coveredstatements="0" elements="43" coveredelements="0"/>
      </file>
    </package>
    <metrics files="532" loc="39481" ncloc="29308" classes="434" methods="1501" coveredmethods="382" conditionals="0" coveredconditionals="0" statements="9900" coveredstatements="2872" elements="11401" coveredelements="3254"/>
  </project>
</coverage>
